<?xml version="1.0" encoding="UTF-8"?>
<testng-results ignored="0" total="1" passed="1" failed="0" skipped="0">
  <reporter-output>
  </reporter-output>
  <suite started-at="2025-07-29T17:46:50 IST" name="Default suite" finished-at="2025-07-29T17:47:03 IST" duration-ms="13395">
    <groups>
    </groups>
    <test started-at="2025-07-29T17:46:50 IST" name="Default test" finished-at="2025-07-29T17:47:03 IST" duration-ms="13395">
      <class name="Assignment.ExtentReport_Assignment">
        <test-method signature="login()[pri:0, instance:Assignment.ExtentReport_Assignment@5c6648b0]" started-at="2025-07-29T17:46:50 IST" name="login" finished-at="2025-07-29T17:47:03 IST" duration-ms="13229" status="PASS">
          <reporter-output>
          </reporter-output>
        </test-method> <!-- login -->
      </class> <!-- Assignment.ExtentReport_Assignment -->
    </test> <!-- Default test -->
  </suite> <!-- Default suite -->
</testng-results>
